<?xml version="1.0" encoding="UTF-8"?>
<!-- Generated by org.testng.reporters.JUnitReportReporter -->
<testsuite skipped="0" hostname="NBCNITQAJ9K" name="qaautomation.august2021.AppTest" tests="2" failures="0" timestamp="13 Sep 2021 11:21:58 GMT" time="78.778" errors="0">
  <testcase name="test" time="34.359" classname="qaautomation.august2021.AppTest"/>
  <testcase name="test1" time="44.419" classname="qaautomation.august2021.AppTest"/>
</testsuite> <!-- qaautomation.august2021.AppTest -->
