<?xml version="1.0" encoding="UTF-8"?>
<!-- Generated by org.testng.reporters.JUnitReportReporter -->
<testsuite skipped="0" hostname="NBCNITQAJ9K" name="qaautomation.august2021.APITest" tests="8" failures="0" timestamp="19 Sep 2021 06:03:58 GMT" time="14.421" errors="0">
  <testcase name="dashboardAPIWithSchema" time="2.732" classname="qaautomation.august2021.APITest"/>
  <testcase name="configAPI" time="1.740" classname="qaautomation.august2021.APITest"/>
  <testcase name="signupAPI" time="1.820" classname="qaautomation.august2021.APITest"/>
  <testcase name="fakeEmail" time="0.211" classname="qaautomation.august2021.APITest"/>
  <testcase name="configAPI2" time="1.976" classname="qaautomation.august2021.APITest"/>
  <testcase name="incorrectLoginAPI" time="1.778" classname="qaautomation.august2021.APITest"/>
  <testcase name="userAPI" time="1.895" classname="qaautomation.august2021.APITest"/>
  <testcase name="dashboardAPI" time="2.269" classname="qaautomation.august2021.APITest"/>
</testsuite> <!-- qaautomation.august2021.APITest -->
